<?xml version="1.0" encoding="UTF-8"?>
<coverage generated="1688908464364" clover="3.2.0">
  <project timestamp="1688908464364" name="All files">
    <metrics statements="26" coveredstatements="25" conditionals="21" coveredconditionals="18" methods="4" coveredmethods="4" elements="51" coveredelements="47" complexity="0" loc="26" ncloc="26" packages="1" files="1" classes="1"/>
    <file name="index.js" path="/Users/dimaaksenov/frontend-project-46/src/index.js">
      <metrics statements="26" coveredstatements="25" conditionals="21" coveredconditionals="18" methods="4" coveredmethods="4"/>
      <line num="5" count="2" type="stmt"/>
      <line num="7" count="1" type="stmt"/>
      <line num="13" count="1" type="stmt"/>
      <line num="14" count="1" type="stmt"/>
      <line num="15" count="1" type="stmt"/>
      <line num="17" count="1" type="stmt"/>
      <line num="18" count="1" type="stmt"/>
      <line num="20" count="1" type="stmt"/>
      <line num="21" count="1" type="stmt"/>
      <line num="22" count="1" type="stmt"/>
      <line num="24" count="1" type="stmt"/>
      <line num="25" count="5" type="cond" truecount="4" falsecount="0"/>
      <line num="26" count="2" type="cond" truecount="2" falsecount="0"/>
      <line num="27" count="1" type="stmt"/>
      <line num="30" count="1" type="cond" truecount="1" falsecount="1"/>
      <line num="31" count="1" type="stmt"/>
      <line num="40" count="3" type="cond" truecount="4" falsecount="0"/>
      <line num="41" count="2" type="stmt"/>
      <line num="44" count="1" type="cond" truecount="3" falsecount="1"/>
      <line num="45" count="1" type="stmt"/>
      <line num="49" count="1" type="stmt"/>
      <line num="50" count="5" type="cond" truecount="4" falsecount="1"/>
      <line num="54" count="4" type="stmt"/>
      <line num="56" count="1" type="stmt"/>
      <line num="58" count="0" type="stmt"/>
      <line num="61" count="1" type="stmt"/>
    </file>
  </project>
</coverage>
