{"/Users/dimaaksenov/frontend-project-46/src/index.js": {"path":"/Users/dimaaksenov/frontend-project-46/src/index.js","statementMap":{"0":{"start":{"line":5,"column":26},"end":{"line":5,"column":78}},"1":{"start":{"line":5,"column":40},"end":{"line":5,"column":78}},"2":{"start":{"line":7,"column":16},"end":{"line":11,"column":1}},"3":{"start":{"line":13,"column":16},"end":{"line":62,"column":1}},"4":{"start":{"line":14,"column":16},"end":{"line":14,"column":67}},"5":{"start":{"line":15,"column":16},"end":{"line":15,"column":67}},"6":{"start":{"line":17,"column":21},"end":{"line":17,"column":38}},"7":{"start":{"line":18,"column":21},"end":{"line":18,"column":38}},"8":{"start":{"line":20,"column":15},"end":{"line":20,"column":33}},"9":{"start":{"line":21,"column":15},"end":{"line":21,"column":33}},"10":{"start":{"line":22,"column":18},"end":{"line":22,"column":44}},"11":{"start":{"line":24,"column":15},"end":{"line":47,"column":4}},"12":{"start":{"line":25,"column":4},"end":{"line":38,"column":5}},"13":{"start":{"line":26,"column":6},"end":{"line":28,"column":7}},"14":{"start":{"line":27,"column":8},"end":{"line":27,"column":73}},"15":{"start":{"line":30,"column":6},"end":{"line":37,"column":7}},"16":{"start":{"line":31,"column":8},"end":{"line":36,"column":10}},"17":{"start":{"line":40,"column":4},"end":{"line":42,"column":5}},"18":{"start":{"line":41,"column":6},"end":{"line":41,"column":69}},"19":{"start":{"line":44,"column":4},"end":{"line":46,"column":5}},"20":{"start":{"line":45,"column":6},"end":{"line":45,"column":67}},"21":{"start":{"line":49,"column":15},"end":{"line":60,"column":4}},"22":{"start":{"line":50,"column":4},"end":{"line":59,"column":5}},"23":{"start":{"line":54,"column":8},"end":{"line":54,"column":65}},"24":{"start":{"line":56,"column":8},"end":{"line":56,"column":82}},"25":{"start":{"line":58,"column":8},"end":{"line":58,"column":29}},"26":{"start":{"line":61,"column":2},"end":{"line":61,"column":38}}},"fnMap":{"0":{"name":"(anonymous_0)","decl":{"start":{"line":5,"column":26},"end":{"line":5,"column":27}},"loc":{"start":{"line":5,"column":40},"end":{"line":5,"column":78}},"line":5},"1":{"name":"(anonymous_1)","decl":{"start":{"line":13,"column":16},"end":{"line":13,"column":17}},"loc":{"start":{"line":13,"column":42},"end":{"line":62,"column":1}},"line":13},"2":{"name":"(anonymous_2)","decl":{"start":{"line":24,"column":27},"end":{"line":24,"column":28}},"loc":{"start":{"line":24,"column":37},"end":{"line":47,"column":3}},"line":24},"3":{"name":"(anonymous_3)","decl":{"start":{"line":49,"column":24},"end":{"line":49,"column":25}},"loc":{"start":{"line":49,"column":34},"end":{"line":60,"column":3}},"line":49}},"branchMap":{"0":{"loc":{"start":{"line":25,"column":4},"end":{"line":38,"column":5}},"type":"if","locations":[{"start":{"line":25,"column":4},"end":{"line":38,"column":5}},{"start":{},"end":{}}],"line":25},"1":{"loc":{"start":{"line":25,"column":8},"end":{"line":25,"column":58}},"type":"binary-expr","locations":[{"start":{"line":25,"column":8},"end":{"line":25,"column":31}},{"start":{"line":25,"column":35},"end":{"line":25,"column":58}}],"line":25},"2":{"loc":{"start":{"line":26,"column":6},"end":{"line":28,"column":7}},"type":"if","locations":[{"start":{"line":26,"column":6},"end":{"line":28,"column":7}},{"start":{},"end":{}}],"line":26},"3":{"loc":{"start":{"line":30,"column":6},"end":{"line":37,"column":7}},"type":"if","locations":[{"start":{"line":30,"column":6},"end":{"line":37,"column":7}},{"start":{},"end":{}}],"line":30},"4":{"loc":{"start":{"line":40,"column":4},"end":{"line":42,"column":5}},"type":"if","locations":[{"start":{"line":40,"column":4},"end":{"line":42,"column":5}},{"start":{},"end":{}}],"line":40},"5":{"loc":{"start":{"line":40,"column":8},"end":{"line":40,"column":59}},"type":"binary-expr","locations":[{"start":{"line":40,"column":8},"end":{"line":40,"column":31}},{"start":{"line":40,"column":35},"end":{"line":40,"column":59}}],"line":40},"6":{"loc":{"start":{"line":44,"column":4},"end":{"line":46,"column":5}},"type":"if","locations":[{"start":{"line":44,"column":4},"end":{"line":46,"column":5}},{"start":{},"end":{}}],"line":44},"7":{"loc":{"start":{"line":44,"column":8},"end":{"line":44,"column":59}},"type":"binary-expr","locations":[{"start":{"line":44,"column":8},"end":{"line":44,"column":31}},{"start":{"line":44,"column":35},"end":{"line":44,"column":59}}],"line":44},"8":{"loc":{"start":{"line":50,"column":4},"end":{"line":59,"column":5}},"type":"switch","locations":[{"start":{"line":51,"column":6},"end":{"line":51,"column":19}},{"start":{"line":52,"column":6},"end":{"line":52,"column":21}},{"start":{"line":53,"column":6},"end":{"line":54,"column":65}},{"start":{"line":55,"column":6},"end":{"line":56,"column":82}},{"start":{"line":57,"column":6},"end":{"line":58,"column":29}}],"line":50}},"s":{"0":1,"1":2,"2":1,"3":1,"4":1,"5":1,"6":1,"7":1,"8":1,"9":1,"10":1,"11":1,"12":5,"13":2,"14":1,"15":1,"16":1,"17":3,"18":2,"19":1,"20":1,"21":1,"22":5,"23":4,"24":1,"25":0,"26":1},"f":{"0":2,"1":1,"2":5,"3":5},"b":{"0":[2,3],"1":[5,4],"2":[1,1],"3":[1,0],"4":[2,1],"5":[3,2],"6":[1,0],"7":[1,1],"8":[1,3,4,1,0]},"_coverageSchema":"1a1c01bbd47fc00a2c39e90264f33305004495a9","hash":"5f7a6ba3501fa7261f7bd4b001904fc24e09d4f4"}
}
