TN:
SF:src/index.js
FN:5,(anonymous_0)
FN:13,(anonymous_1)
FN:24,(anonymous_2)
FN:49,(anonymous_3)
FNF:4
FNH:4
FNDA:2,(anonymous_0)
FNDA:1,(anonymous_1)
FNDA:5,(anonymous_2)
FNDA:5,(anonymous_3)
DA:5,2
DA:7,1
DA:13,1
DA:14,1
DA:15,1
DA:17,1
DA:18,1
DA:20,1
DA:21,1
DA:22,1
DA:24,1
DA:25,5
DA:26,2
DA:27,1
DA:30,1
DA:31,1
DA:40,3
DA:41,2
DA:44,1
DA:45,1
DA:49,1
DA:50,5
DA:54,4
DA:56,1
DA:58,0
DA:61,1
LF:26
LH:25
BRDA:25,0,0,2
BRDA:25,0,1,3
BRDA:25,1,0,5
BRDA:25,1,1,4
BRDA:26,2,0,1
BRDA:26,2,1,1
BRDA:30,3,0,1
BRDA:30,3,1,0
BRDA:40,4,0,2
BRDA:40,4,1,1
BRDA:40,5,0,3
BRDA:40,5,1,2
BRDA:44,6,0,1
BRDA:44,6,1,0
BRDA:44,7,0,1
BRDA:44,7,1,1
BRDA:50,8,0,1
BRDA:50,8,1,3
BRDA:50,8,2,4
BRDA:50,8,3,1
BRDA:50,8,4,0
BRF:21
BRH:18
end_of_record
